<?xml version="1.0" encoding="UTF-8"?>
<!-- Generated by org.testng.reporters.JUnitReportReporter -->
<testsuite skipped="1" hostname="SATWADDE" name="ecommerce.hybrid.HybridTestRunner" tests="2" failures="0" timestamp="05 Aug 2020 08:11:00 GMT" time="36.268" errors="0">
  <testcase name="TC01" time="36.268" classname="ecommerce.hybrid.HybridTestRunner"/>
  <testcase name="TC02" classname="ecommerce.hybrid.HybridTestRunner">
    <skipped/>
  </testcase> <!-- TC02 -->
</testsuite> <!-- ecommerce.hybrid.HybridTestRunner -->
